<?xml version="1.0" encoding="UTF-8"?>
<testsuite xmlns:xsi="http://www.w3.org/2001/XMLSchema-instance" xsi:noNamespaceSchemaLocation="https://maven.apache.org/surefire/maven-surefire-plugin/xsd/surefire-test-report.xsd" version="3.0.2" name="com.cesde.aivastudio.AivaStudioApplicationTests" time="14.158" tests="1" errors="0" skipped="0" failures="0" flakes="0">
  <properties>
[...]
</properties>
  <testcase name="contextLoads" classname="com.cesde.aivastudio.AivaStudioApplicationTests" time="0.92">
    <system-out><![CDATA[15:53:09.044 [main] INFO org.springframework.test.context.support.AnnotationConfigContextLoaderUtils -- Could not detect default configuration classes for test class [com.cesde.aivastudio.AivaStudioApplicationTests]: AivaStudioApplicationTests does not declare any static, non-private, non-final, nested classes annotated with @Configuration.
15:53:09.457 [main] INFO org.springframework.boot.test.context.SpringBootTestContextBootstrapper -- Found @SpringBootConfiguration com.cesde.aivastudio.AivaStudioApplication for test class com.cesde.aivastudio.AivaStudioApplicationTests
15:53:09.818 [main] INFO org.springframework.test.context.support.AnnotationConfigContextLoaderUtils -- Could not detect default configuration classes for test class [com.cesde.aivastudio.AivaStudioApplicationTests]: AivaStudioApplicationTests does not declare any static, non-private, non-final, nested classes annotated with @Configuration.
15:53:09.821 [main] INFO org.springframework.boot.test.context.SpringBootTestContextBootstrapper -- Found @SpringBootConfiguration com.cesde.aivastudio.AivaStudioApplication for test class com.cesde.aivastudio.AivaStudioApplicationTests
15:53:10.091 [main] INFO org.springframework.boot.devtools.restart.RestartApplicationListener -- Restart disabled due to context in which it is running

  .   ____          _            __ _ _
 /\\ / ___'_ __ _ _(_)_ __  __ _ \ \ \ \
( ( )\___ | '_ | '_| | '_ \/ _` | \ \ \ \
 \\/  ___)| |_)| | | | | || (_| |  ) ) ) )
  '  |____| .__|_| |_|_| |_\__, | / / / /
 =========|_|==============|___/=/_/_/_/

 :: Spring Boot ::                (v4.1.0)

2026-09-19T15:53:10.904-05:00  INFO 30860 --- [           main] c.c.a.AivaStudioApplicationTests         : Starting AivaStudioApplicationTests using Java 24.0.2 with PID 30860 (started by alberto in C:\Cesde\tercer semestre\AIVA-Studio)
2026-09-19T15:53:10.909-05:00  INFO 30860 --- [           main] c.c.a.AivaStudioApplicationTests         : No active profile set, falling back to 1 default profile: "default"
2026-09-19T15:53:12.732-05:00  INFO 30860 --- [           main] .s.d.r.c.RepositoryConfigurationDelegate : Bootstrapping Spring Data JPA repositories in DEFAULT mode.
2026-09-19T15:53:12.899-05:00  INFO 30860 --- [           main] .s.d.r.c.RepositoryConfigurationDelegate : Finished Spring Data repository scanning in 137 ms. Found 2 JPA repository interfaces.
2026-09-19T15:53:14.148-05:00  INFO 30860 --- [           main] org.hibernate.orm.jpa                    : HHH008540: Processing PersistenceUnitInfo [name: default]
2026-09-19T15:53:14.463-05:00  INFO 30860 --- [           main] org.hibernate.orm.core                   : HHH000001: Hibernate ORM core version 7.4.1.Final
2026-09-19T15:53:15.969-05:00  INFO 30860 --- [           main] o.s.o.j.p.SpringPersistenceUnitInfo      : No LoadTimeWeaver setup: ignoring JPA class transformer
2026-09-19T15:53:16.075-05:00  INFO 30860 --- [           main] com.zaxxer.hikari.HikariDataSource       : HikariPool-1 - Starting...
2026-09-19T15:53:16.631-05:00  INFO 30860 --- [           main] com.zaxxer.hikari.pool.HikariPool        : HikariPool-1 - Added connection conn0: url=jdbc:h2:mem:aivastudio user=SA
2026-09-19T15:53:16.637-05:00  INFO 30860 --- [           main] com.zaxxer.hikari.HikariDataSource       : HikariPool-1 - Start completed.
2026-09-19T15:53:16.836-05:00  INFO 30860 --- [           main] org.hibernate.orm.connections.pooling    : HHH10001005: Database info:
	Database JDBC URL [jdbc:h2:mem:aivastudio]
	Database driver: H2 JDBC Driver
	Database dialect: H2Dialect
	Database version: 2.4.240
	Default catalog/schema: AIVASTUDIO/PUBLIC
	Autocommit mode: undefined/unknown
	Isolation level: READ_COMMITTED [default READ_COMMITTED]
	JDBC fetch size: 100
	Pool: DataSourceConnectionProvider
	Minimum pool size: undefined/unknown
	Maximum pool size: undefined/unknown
2026-09-19T15:53:19.419-05:00  INFO 30860 --- [           main] org.hibernate.orm.core                   : HHH000489: No JTA platform available (set 'hibernate.transaction.jta.platform' to enable JTA platform integration)
2026-09-19T15:53:19.564-05:00  INFO 30860 --- [           main] j.LocalContainerEntityManagerFactoryBean : Initialized JPA EntityManagerFactory for persistence unit 'default'
2026-09-19T15:53:19.816-05:00  INFO 30860 --- [           main] o.s.d.j.r.query.QueryEnhancerFactories   : Hibernate is in classpath; If applicable, HQL parser will be used.
2026-09-19T15:53:20.502-05:00  WARN 30860 --- [           main] JpaBaseConfiguration$JpaWebConfiguration : spring.jpa.open-in-view is enabled by default. Therefore, database queries may be performed during view rendering. Explicitly configure spring.jpa.open-in-view to disable this warning
2026-09-19T15:53:21.544-05:00  INFO 30860 --- [           main] c.c.a.AivaStudioApplicationTests         : Started AivaStudioApplicationTests in 11.494 seconds (process running for 14.98)
]]></system-out>
    <system-err><![CDATA[Mockito is currently self-attaching to enable the inline-mock-maker. This will no longer work in future releases of the JDK. Please add Mockito as an agent to your build as described in Mockito's documentation: https://javadoc.io/doc/org.mockito/mockito-core/latest/org.mockito/org/mockito/Mockito.html#0.3
WARNING: A Java agent has been loaded dynamically (C:\Users\alberto\.m2\repository\net\bytebuddy\byte-buddy-agent\1.18.10\byte-buddy-agent-1.18.10.jar)
WARNING: If a serviceability tool is in use, please run with -XX:+EnableDynamicAgentLoading to hide this warning
WARNING: If a serviceability tool is not in use, please run with -Djdk.instrument.traceUsage for more information
WARNING: Dynamic loading of agents will be disallowed by default in a future release
]]></system-err>
  </testcase>
</testsuite>