<?xml version="1.0" encoding="UTF-8"?>
<testsuite xmlns:xsi="http://www.w3.org/2001/XMLSchema-instance" xsi:noNamespaceSchemaLocation="https://maven.apache.org/surefire/maven-surefire-plugin/xsd/surefire-test-report.xsd" version="3.0.2" name="com.cesde.aivastudio.BusinessRulesIntegrationTests" time="2.344" tests="4" errors="0" skipped="0" failures="0" flakes="0">
  <properties>
[...]
</properties>
  <testcase name="createsTaskWhenStatusIsValid" classname="com.cesde.aivastudio.BusinessRulesIntegrationTests" time="0.915">
    <system-out><![CDATA[2026-09-19T16:19:18.192-05:00  INFO 16084 --- [           main] t.c.s.AnnotationConfigContextLoaderUtils : Could not detect default configuration classes for test class [com.cesde.aivastudio.BusinessRulesIntegrationTests]: BusinessRulesIntegrationTests does not declare any static, non-private, non-final, nested classes annotated with @Configuration.
2026-09-19T16:19:18.202-05:00  INFO 16084 --- [           main] .b.t.c.SpringBootTestContextBootstrapper : Found @SpringBootConfiguration com.cesde.aivastudio.AivaStudioApplication for test class com.cesde.aivastudio.BusinessRulesIntegrationTests
2026-09-19T16:19:18.206-05:00  INFO 16084 --- [           main] t.c.s.AnnotationConfigContextLoaderUtils : Could not detect default configuration classes for test class [com.cesde.aivastudio.BusinessRulesIntegrationTests]: BusinessRulesIntegrationTests does not declare any static, non-private, non-final, nested classes annotated with @Configuration.
2026-09-19T16:19:18.210-05:00  INFO 16084 --- [           main] .b.t.c.SpringBootTestContextBootstrapper : Found @SpringBootConfiguration com.cesde.aivastudio.AivaStudioApplication for test class com.cesde.aivastudio.BusinessRulesIntegrationTests
2026-09-19T16:19:18.240-05:00  INFO 16084 --- [           main] o.s.b.t.m.w.SpringBootMockServletContext : Initializing Spring TestDispatcherServlet ''
2026-09-19T16:19:18.241-05:00  INFO 16084 --- [           main] o.s.t.web.servlet.TestDispatcherServlet  : Initializing Servlet ''
2026-09-19T16:19:18.245-05:00  INFO 16084 --- [           main] o.s.t.web.servlet.TestDispatcherServlet  : Completed initialization in 3 ms
]]></system-out>
  </testcase>
  <testcase name="rejectsTaskWhenStatusIsInvalid" classname="com.cesde.aivastudio.BusinessRulesIntegrationTests" time="0.039">
    <system-out><![CDATA[2026-09-19T16:19:19.146-05:00  INFO 16084 --- [           main] o.s.b.t.m.w.SpringBootMockServletContext : Initializing Spring TestDispatcherServlet ''
2026-09-19T16:19:19.146-05:00  INFO 16084 --- [           main] o.s.t.web.servlet.TestDispatcherServlet  : Initializing Servlet ''
2026-09-19T16:19:19.149-05:00  INFO 16084 --- [           main] o.s.t.web.servlet.TestDispatcherServlet  : Completed initialization in 2 ms
]]></system-out>
  </testcase>
  <testcase name="createsProjectWhenNameIsValid" classname="com.cesde.aivastudio.BusinessRulesIntegrationTests" time="1.317">
    <system-out><![CDATA[2026-09-19T16:19:19.187-05:00  INFO 16084 --- [           main] o.s.b.t.m.w.SpringBootMockServletContext : Initializing Spring TestDispatcherServlet ''
2026-09-19T16:19:19.188-05:00  INFO 16084 --- [           main] o.s.t.web.servlet.TestDispatcherServlet  : Initializing Servlet ''
2026-09-19T16:19:19.190-05:00  INFO 16084 --- [           main] o.s.t.web.servlet.TestDispatcherServlet  : Completed initialization in 2 ms
]]></system-out>
  </testcase>
  <testcase name="rejectsProjectWhenNameIsBlank" classname="com.cesde.aivastudio.BusinessRulesIntegrationTests" time="0.021">
    <system-out><![CDATA[2026-09-19T16:19:20.509-05:00  INFO 16084 --- [           main] o.s.b.t.m.w.SpringBootMockServletContext : Initializing Spring TestDispatcherServlet ''
2026-09-19T16:19:20.510-05:00  INFO 16084 --- [           main] o.s.t.web.servlet.TestDispatcherServlet  : Initializing Servlet ''
2026-09-19T16:19:20.514-05:00  INFO 16084 --- [           main] o.s.t.web.servlet.TestDispatcherServlet  : Completed initialization in 2 ms
]]></system-out>
  </testcase>
</testsuite>